f:\zep\zep\bin\x64\release\client\vc142.pdb
f:\zep\zep\bin\x64\release\client\netmanager.obj
f:\zep\zep\bin\x64\release\client\ballcreatemanager.obj
f:\zep\zep\bin\x64\release\client\main.obj
f:\zep\zep\bin\x64\release\client\ball.pb.obj
f:\zep\zep\bin\x64\release\client\systemmanager.obj
f:\zep\zep\bin\x64\release\client\protobufdispatcher.obj
f:\zep\zep\bin\x64\release\client\protobufcodec.obj
f:\zep\zep\bin\clientx64.ipdb
f:\zep\zep\bin\clientx64.iobj
f:\zep\zep\bin\clientx64.exe
f:\zep\zep\bin\clientx64.pdb
f:\zep\zep\client\..\bin\clientx64.exe
f:\zep\zep\bin\x64\release\client\client.tlog\cl.command.1.tlog
f:\zep\zep\bin\x64\release\client\client.tlog\cl.read.1.tlog
f:\zep\zep\bin\x64\release\client\client.tlog\cl.write.1.tlog
f:\zep\zep\bin\x64\release\client\client.tlog\client.write.1u.tlog
f:\zep\zep\bin\x64\release\client\client.tlog\link.command.1.tlog
f:\zep\zep\bin\x64\release\client\client.tlog\link.read.1.tlog
f:\zep\zep\bin\x64\release\client\client.tlog\link.write.1.tlog
