f:\zep\zep\bin\x64\debug\client\vc142.pdb
f:\zep\zep\bin\x64\debug\client\vc142.idb
f:\zep\zep\bin\x64\debug\client\windowsystem.obj
f:\zep\zep\bin\x64\debug\client\netshakehandmanager.obj
f:\zep\zep\bin\x64\debug\client\netmanager.obj
f:\zep\zep\bin\x64\debug\client\movemanager.obj
f:\zep\zep\bin\x64\debug\client\ballrendersystem.obj
f:\zep\zep\bin\x64\debug\client\ballcreatesystem.obj
f:\zep\zep\bin\x64\debug\client\main.obj
f:\zep\zep\bin\x64\debug\client\shakehand.pb.obj
f:\zep\zep\bin\x64\debug\client\ball.pb.obj
f:\zep\zep\bin\x64\debug\client\protobufcodec.obj
f:\zep\zep\bin\clientx64.ipdb
f:\zep\zep\bin\clientx64.iobj
f:\zep\zep\bin\clientx64.ilk
f:\zep\zep\bin\clientx64.exe
f:\zep\zep\bin\clientx64.pdb
f:\zep\zep\client\..\bin\clientx64.exe
f:\zep\zep\bin\x64\debug\client\client.tlog\cl.command.1.tlog
f:\zep\zep\bin\x64\debug\client\client.tlog\cl.read.1.tlog
f:\zep\zep\bin\x64\debug\client\client.tlog\cl.write.1.tlog
f:\zep\zep\bin\x64\debug\client\client.tlog\client.write.1u.tlog
f:\zep\zep\bin\x64\debug\client\client.tlog\link.command.1.tlog
f:\zep\zep\bin\x64\debug\client\client.tlog\link.delete.1.tlog
f:\zep\zep\bin\x64\debug\client\client.tlog\link.read.1.tlog
f:\zep\zep\bin\x64\debug\client\client.tlog\link.write.1.tlog
