f:\zep\zep\bin\x64\release\server\vc142.pdb
f:\zep\zep\bin\x64\release\server\shakehandmanager.obj
f:\zep\zep\bin\x64\release\server\netconnectmanager.obj
f:\zep\zep\bin\x64\release\server\ballprotobuildmanager.obj
f:\zep\zep\bin\x64\release\server\ballmovemanager.obj
f:\zep\zep\bin\x64\release\server\ballcreatemanager.obj
f:\zep\zep\bin\x64\release\server\main.obj
f:\zep\zep\bin\x64\release\server\time.obj
f:\zep\zep\bin\x64\release\server\shakehand.pb.obj
f:\zep\zep\bin\x64\release\server\ball.pb.obj
f:\zep\zep\bin\x64\release\server\netmanager.obj
f:\zep\zep\bin\x64\release\server\uniquenumberfactory.obj
f:\zep\zep\bin\serverx64.exe
f:\zep\zep\bin\serverx64.pdb
f:\zep\zep\bin\serverx64.ipdb
f:\zep\zep\bin\serverx64.iobj
f:\zep\zep\server\..\bin\serverx64.exe
f:\zep\zep\bin\x64\release\server\server.tlog\cl.command.1.tlog
f:\zep\zep\bin\x64\release\server\server.tlog\cl.read.1.tlog
f:\zep\zep\bin\x64\release\server\server.tlog\cl.write.1.tlog
f:\zep\zep\bin\x64\release\server\server.tlog\link.command.1.tlog
f:\zep\zep\bin\x64\release\server\server.tlog\link.read.1.tlog
f:\zep\zep\bin\x64\release\server\server.tlog\link.write.1.tlog
f:\zep\zep\bin\x64\release\server\server.tlog\server.write.1u.tlog
